<?xml version="1.0" encoding="UTF-8"?>
<!-- Generated by org.testng.reporters.JUnitReportReporter -->
<testsuite hostname="DESKTOP-4S10T7P" failures="0" tests="1" name="testScripts.Report" time="11.246" errors="0" timestamp="2023-12-26T15:42:53 IST" skipped="0">
  <testcase classname="testScripts.Report" name="reportTest" time="11.246"/>
</testsuite> <!-- testScripts.Report -->
