<?xml version="1.0" encoding="UTF-8"?>
<!-- Generated by org.testng.reporters.JUnitReportReporter -->
<testsuite hostname="DESKTOP-4S10T7P" failures="0" tests="2" name="testScripts.BooksTest" time="12.230" errors="0" timestamp="2023-12-25T07:41:37 IST" skipped="0">
  <testcase classname="testScripts.BooksTest" name="sortBooksByNameAndPrice" time="8.407"/>
  <testcase classname="testScripts.BooksTest" name="verifyBookPage_001" time="3.823">
    <system-out>
      <![CDATA[verify book page is displayed
test case executed]]>
    </system-out>
  </testcase> <!-- verifyBookPage_001 -->
  <system-out>
    <![CDATA[before suite executing
before test executing
before class executing
before method executing
after method executing
before method executing
verify book page is displayed
test case executed
after method executing
after class executing
after test executing
after suite executing]]>
  </system-out>
</testsuite> <!-- testScripts.BooksTest -->
