<?xml version="1.0" encoding="UTF-8"?>
<!-- Generated by org.testng.reporters.JUnitReportReporter -->
<testsuite hostname="DESKTOP-4S10T7P" failures="0" tests="3" name="testScripts.jewelryTest" time="29.602" errors="0" timestamp="2023-12-26T08:03:47 IST" skipped="1">
  <testcase classname="testScripts.jewelryTest" name="sortByPriceHighToLow" time="24.037"/>
  <testcase classname="testScripts.jewelryTest" name="displayPerPageDropDown" time="5.565"/>
  <testcase classname="testScripts.jewelryTest" name="getScreenshotOfBlackAndWhiteChain">
    <skipped/>
  </testcase> <!-- getScreenshotOfBlackAndWhiteChain -->
  <system-out>
    <![CDATA[before suite executing
before test executing
before class executing
before method executing
after method executing
before method executing
after method executing
after class executing
after test executing
after suite executing]]>
  </system-out>
</testsuite> <!-- testScripts.jewelryTest -->
