<?xml version="1.0" encoding="UTF-8"?>
<!-- Generated by org.testng.reporters.JUnitReportReporter -->
<testsuite hostname="DESKTOP-D4ACTIR" failures="0" tests="1" name="testScripts.JewelryTest" time="12.010" errors="0" timestamp="2023-12-21T23:34:03 IST" skipped="0">
  <testcase classname="testScripts.JewelryTest" name="diamondHeartTest_001" time="12.010"/>
  <system-out>
    <![CDATA[connection to database
Before test
Before class
Login
Log out
After class
After test
Close connection to database]]>
  </system-out>
</testsuite> <!-- testScripts.JewelryTest -->
