<?xml version="1.0" encoding="UTF-8"?>
<!-- Generated by org.testng.reporters.JUnitReportReporter -->
<testsuite hostname="DESKTOP-D4ACTIR" failures="0" tests="2" name="testScripts.ReportTest" time="20.999" errors="0" timestamp="2023-12-27T18:22:35 IST" skipped="0">
  <testcase classname="testScripts.ReportTest" name="reportTest" time="11.160"/>
  <testcase classname="testScripts.ReportTest" name="reportTest2" time="9.839"/>
  <system-out>
    <![CDATA[Before test
Before class
Login
Log out
Login
Log out
After class
After test
Close connection to database]]>
  </system-out>
</testsuite> <!-- testScripts.ReportTest -->
