<?xml version="1.0" encoding="UTF-8"?>
<!-- Generated by org.testng.reporters.JUnitReportReporter -->
<testsuite hostname="DESKTOP-D4ACTIR" failures="0" tests="1" name="testScripts.BooksTest" time="10.882" errors="0" timestamp="2023-12-27T18:09:45 IST" skipped="0">
  <testcase classname="testScripts.BooksTest" name="verifyBookPage_001" time="10.882">
    <system-out>
      <![CDATA[Verify Books page is displayed
Test case completed and It passed]]>
    </system-out>
  </testcase> <!-- verifyBookPage_001 -->
  <system-out>
    <![CDATA[Before test
Before class
Login
Verify Books page is displayed
Test case completed and It passed
Log out
After class
After test
Close connection to database]]>
  </system-out>
</testsuite> <!-- testScripts.BooksTest -->
