<?xml version="1.0" encoding="UTF-8"?>
<!-- Generated by org.testng.reporters.JUnitReportReporter -->
<testsuite hostname="DESKTOP-D4ACTIR" failures="0" tests="2" name="testScripts.ReportTestSolo" time="42.327" errors="0" timestamp="2023-12-27T16:16:05 IST" skipped="0">
  <testcase classname="testScripts.ReportTestSolo" name="reportTest" time="24.471"/>
  <testcase classname="testScripts.ReportTestSolo" name="reportTest2" time="17.856"/>
</testsuite> <!-- testScripts.ReportTestSolo -->
