<?xml version="1.0" encoding="UTF-8"?>
<!-- Generated by org.testng.reporters.JUnitReportReporter -->
<testsuite hostname="DESKTOP-D4ACTIR" failures="0" tests="2" name="testScripts.Report" time="89.479" errors="0" timestamp="2023-12-26T17:22:28 IST" skipped="0">
  <testcase classname="testScripts.Report" name="reportTest" time="68.231"/>
  <testcase classname="testScripts.Report" name="reportTest2" time="21.248"/>
</testsuite> <!-- testScripts.Report -->
